#
# There is insufficient memory for the Java Runtime Environment to continue.
# Native memory allocation (malloc) failed to allocate 1048576 bytes. Error detail: AllocateHeap
# Possible reasons:
#   The system is out of physical RAM or swap space
#   This process is running with CompressedOops enabled, and the Java Heap may be blocking the growth of the native heap
# Possible solutions:
#   Reduce memory load on the system
#   Increase physical memory or swap space
#   Check if swap backing store is full
#   Decrease Java heap size (-Xmx/-Xms)
#   Decrease number of Java threads
#   Decrease Java thread stack sizes (-Xss)
#   Set larger code cache with -XX:ReservedCodeCacheSize=
#   JVM is running with Unscaled Compressed Oops mode in which the Java heap is
#     placed in the first 4GB address space. The Java Heap base address is the
#     maximum limit for the native heap growth. Please use -XX:HeapBaseMinAddress
#     to set the Java Heap base and to place the Java Heap above 4GB virtual address.
# This output file may be truncated or incomplete.
#
#  Out of Memory Error (allocation.cpp:44), pid=6268, tid=17900
#
# JRE version:  (21.0.7+6) (build )
# Java VM: OpenJDK 64-Bit Server VM (21.0.7+6-LTS, mixed mode, sharing, tiered, compressed oops, compressed class ptrs, parallel gc, windows-amd64)
# No core dump will be written. Minidumps are not enabled by default on client versions of Windows
#

---------------  S U M M A R Y ------------

Command Line: --add-modules=ALL-SYSTEM --add-opens=java.base/java.util=ALL-UNNAMED --add-opens=java.base/java.lang=ALL-UNNAMED --add-opens=java.base/sun.nio.fs=ALL-UNNAMED -Declipse.application=org.eclipse.jdt.ls.core.id1 -Dosgi.bundles.defaultStartLevel=4 -Declipse.product=org.eclipse.jdt.ls.core.product -Djava.import.generatesMetadataFilesAtProjectRoot=false -DDetectVMInstallationsJob.disabled=true -Dfile.encoding=utf8 -XX:+UseParallelGC -XX:GCTimeRatio=4 -XX:AdaptiveSizePolicyWeight=90 -Dsun.zip.disableMemoryMapping=true -Xmx1G -Xms100m -Xlog:disable -javaagent:c:\Users\JB\.cursor\extensions\redhat.java-1.42.0-win32-x64\lombok\lombok-1.18.36.jar c:\Users\JB\.cursor\extensions\redhat.java-1.42.0-win32-x64\server\plugins\org.eclipse.equinox.launcher_1.7.0.v20250424-1814.jar -configuration c:\Users\JB\AppData\Roaming\Cursor\User\globalStorage\redhat.java\1.42.0\config_ss_win -data c:\Users\JB\AppData\Roaming\Cursor\User\workspaceStorage\84eb2e42148a5132c545ea024a43da43\redhat.java\ss_ws --pipe=\\.\pipe\lsp-cc993a55273ad91a01b2475f45f9810d-sock

Host: Intel(R) Core(TM) i7-6600U CPU @ 2.60GHz, 4 cores, 19G,  Windows 11 , 64 bit Build 22621 (10.0.22621.5305)
Time: Sat Jun 28 03:43:03 2025 Coordinated Universal Time elapsed time: 1.023122 seconds (0d 0h 0m 1s)

---------------  T H R E A D  ---------------

Current thread (0x000002a1fb4687e0):  JavaThread "Unknown thread" [_thread_in_vm, id=17900, stack(0x000000d681500000,0x000000d681600000) (1024K)]

Stack: [0x000000d681500000,0x000000d681600000]
Native frames: (J=compiled Java code, j=interpreted, Vv=VM code, C=native code)
V  [jvm.dll+0x6ce119]
V  [jvm.dll+0x8a84a1]
V  [jvm.dll+0x8aa9ce]
V  [jvm.dll+0x8ab0b3]
V  [jvm.dll+0x27f8a6]
V  [jvm.dll+0xbfba7]
V  [jvm.dll+0x702260]
V  [jvm.dll+0x702dcc]
V  [jvm.dll+0x6dcc63]
V  [jvm.dll+0x871dbc]
V  [jvm.dll+0x3bc47c]
V  [jvm.dll+0x85a848]
V  [jvm.dll+0x45080e]
V  [jvm.dll+0x452451]
C  [jli.dll+0x5278]
C  [ucrtbase.dll+0x29333]
C  [KERNEL32.DLL+0x1259d]
C  [ntdll.dll+0x5af78]


---------------  P R O C E S S  ---------------

Threads class SMR info:
_java_thread_list=0x000002a1fd77d780, length=1, elements={
0x000002a1fb4687e0
}

Java Threads: ( => current thread )
=>0x000002a1fb4687e0 JavaThread "Unknown thread"             [_thread_in_vm, id=17900, stack(0x000000d681500000,0x000000d681600000) (1024K)]
Total: 1

Other Threads:
  0x000002a19220ca00 WatcherThread "VM Periodic Task Thread"        [id=7736, stack(0x000000d681800000,0x000000d681900000) (1024K)]
  0x000002a1fd732db0 WorkerThread "GC Thread#0"                     [id=21936, stack(0x000000d681700000,0x000000d681800000) (1024K)]
Total: 2

Threads with active compile tasks:
Total: 0

VM state: not at safepoint (normal execution)

VM Mutex/Monitor currently owned by a thread: None

Heap address: 0x00000000c0000000, size: 1024 MB, Compressed Oops mode: 32-bit

CDS archive(s) mapped at: [0x000002a193000000-0x000002a193ba0000-0x000002a193ba0000), size 12189696, SharedBaseAddress: 0x000002a193000000, ArchiveRelocationMode: 1.
Compressed class space mapped at: 0x000002a194000000-0x000002a1d4000000, reserved size: 1073741824
Narrow klass base: 0x000002a193000000, Narrow klass shift: 0, Narrow klass range: 0x100000000

GC Precious Log:
 CardTable entry size: 512
 CPUs: 4 total, 4 available
 Memory: 20319M
 Large Page Support: Disabled
 NUMA Support: Disabled
 Compressed Oops: Enabled (32-bit)
 Alignments: Space 512K, Generation 512K, Heap 2M
 Heap Min Capacity: 100M
 Heap Initial Capacity: 100M
 Heap Max Capacity: 1G
 Pre-touch: Disabled
 Parallel Workers: 4

Heap:
 PSYoungGen      total 29696K, used 512K [0x00000000eab00000, 0x00000000ecc00000, 0x0000000100000000)
  eden space 25600K, 2% used [0x00000000eab00000,0x00000000eab80020,0x00000000ec400000)
  from space 4096K, 0% used [0x00000000ec800000,0x00000000ec800000,0x00000000ecc00000)
  to   space 4096K, 0% used [0x00000000ec400000,0x00000000ec400000,0x00000000ec800000)
 ParOldGen       total 68608K, used 0K [0x00000000c0000000, 0x00000000c4300000, 0x00000000eab00000)
  object space 68608K, 0% used [0x00000000c0000000,0x00000000c0000000,0x00000000c4300000)
 Metaspace       used 0K, committed 0K, reserved 1048576K
  class space    used 0K, committed 0K, reserved 1048576K

Card table byte_map: [0x000002a1fd0b0000,0x000002a1fd2c0000] _byte_map_base: 0x000002a1fcab0000

Marking Bits: (ParMarkBitMap*) 0x00007ffa35f431f0
 Begin Bits: [0x000002a1fd7d0000, 0x000002a1fe7d0000)
 End Bits:   [0x000002a1fe7d0000, 0x000002a1ff7d0000)

Polling page: 0x000002a1fb6d0000

Metaspace:

Usage:
  Non-class:      0 bytes used.
      Class:      0 bytes used.
       Both:      0 bytes used.

Virtual space:
  Non-class space:        0 bytes reserved,       0 bytes (  ?%) committed,  0 nodes.
      Class space:        1.00 GB reserved,       0 bytes (  0%) committed,  1 nodes.
             Both:        1.00 GB reserved,       0 bytes (  0%) committed. 

Chunk freelists:
   Non-Class:  0 bytes
       Class:  16.00 MB
        Both:  16.00 MB

MaxMetaspaceSize: unlimited
CompressedClassSpaceSize: 1.00 GB
Initial GC threshold: 21.00 MB
Current GC threshold: 17179869184.00 GB
CDS: on
 - commit_granule_bytes: 65536.
 - commit_granule_words: 8192.
 - virtual_space_node_default_size: 8388608.
 - enlarge_chunks_in_place: 1.
 - use_allocation_guard: 0.


Internal statistics:

num_allocs_failed_limit: 0.
num_arena_births: 0.
num_arena_deaths: 0.
num_vsnodes_births: 1.
num_vsnodes_deaths: 0.
num_space_committed: 0.
num_space_uncommitted: 0.
num_chunks_returned_to_freelist: 0.
num_chunks_taken_from_freelist: 1.
num_chunk_merges: 0.
num_chunk_splits: 1.
num_chunks_enlarged: 0.
num_inconsistent_stats: 0.

CodeHeap 'non-profiled nmethods': size=120000Kb used=0Kb max_used=0Kb free=120000Kb
 bounds [0x000002a18ac00000, 0x000002a18ae70000, 0x000002a192130000]
CodeHeap 'profiled nmethods': size=120000Kb used=0Kb max_used=0Kb free=120000Kb
 bounds [0x000002a183130000, 0x000002a1833a0000, 0x000002a18a660000]
CodeHeap 'non-nmethods': size=5760Kb used=194Kb max_used=342Kb free=5565Kb
 bounds [0x000002a18a660000, 0x000002a18a8d0000, 0x000002a18ac00000]
 total_blobs=70 nmethods=0 adapters=48
 compilation: enabled
              stopped_count=0, restarted_count=0
 full_count=0

Compilation events (0 events):
No events

GC Heap History (0 events):
No events

Dll operation events (1 events):
Event: 0.341 Loaded shared library c:\Users\JB\.cursor\extensions\redhat.java-1.42.0-win32-x64\jre\21.0.7-win32-x86_64\bin\java.dll

Deoptimization events (0 events):
No events

Classes loaded (0 events):
No events

Classes unloaded (0 events):
No events

Classes redefined (0 events):
No events

Internal exceptions (0 events):
No events

ZGC Phase Switch (0 events):
No events

VM Operations (0 events):
No events

Memory protections (0 events):
No events

Nmethod flushes (0 events):
No events

Events (1 events):
Event: 0.422 Thread 0x000002a1fb4687e0 Thread added: 0x000002a1fb4687e0


Dynamic libraries:
0x00007ff7237d0000 - 0x00007ff7237de000 	c:\Users\JB\.cursor\extensions\redhat.java-1.42.0-win32-x64\jre\21.0.7-win32-x86_64\bin\java.exe
0x00007ffaae710000 - 0x00007ffaae927000 	C:\WINDOWS\SYSTEM32\ntdll.dll
0x00007ffaad180000 - 0x00007ffaad244000 	C:\WINDOWS\System32\KERNEL32.DLL
0x00007ffaabb80000 - 0x00007ffaabf53000 	C:\WINDOWS\System32\KERNELBASE.dll
0x00007ffaab800000 - 0x00007ffaab911000 	C:\WINDOWS\System32\ucrtbase.dll
0x00007ffaa34f0000 - 0x00007ffaa3508000 	c:\Users\JB\.cursor\extensions\redhat.java-1.42.0-win32-x64\jre\21.0.7-win32-x86_64\bin\jli.dll
0x00007ffaad250000 - 0x00007ffaad401000 	C:\WINDOWS\System32\USER32.dll
0x00007ffaaba50000 - 0x00007ffaaba76000 	C:\WINDOWS\System32\win32u.dll
0x00007ffaad410000 - 0x00007ffaad439000 	C:\WINDOWS\System32\GDI32.dll
0x00007ffaab920000 - 0x00007ffaaba44000 	C:\WINDOWS\System32\gdi32full.dll
0x00007ffaac0d0000 - 0x00007ffaac16a000 	C:\WINDOWS\System32\msvcp_win.dll
0x00007ffaa3510000 - 0x00007ffaa352e000 	c:\Users\JB\.cursor\extensions\redhat.java-1.42.0-win32-x64\jre\21.0.7-win32-x86_64\bin\VCRUNTIME140.dll
0x00007ffa9a100000 - 0x00007ffa9a39b000 	C:\WINDOWS\WinSxS\amd64_microsoft.windows.common-controls_6595b64144ccf1df_6.0.22621.5240_none_2710eadf7384a318\COMCTL32.dll
0x00007ffaac470000 - 0x00007ffaac517000 	C:\WINDOWS\System32\msvcrt.dll
0x00007ffaac660000 - 0x00007ffaac691000 	C:\WINDOWS\System32\IMM32.DLL
0x00007ffaa34e0000 - 0x00007ffaa34ec000 	c:\Users\JB\.cursor\extensions\redhat.java-1.42.0-win32-x64\jre\21.0.7-win32-x86_64\bin\vcruntime140_1.dll
0x00007ffa84fd0000 - 0x00007ffa8505d000 	c:\Users\JB\.cursor\extensions\redhat.java-1.42.0-win32-x64\jre\21.0.7-win32-x86_64\bin\msvcp140.dll
0x00007ffa35290000 - 0x00007ffa36020000 	c:\Users\JB\.cursor\extensions\redhat.java-1.42.0-win32-x64\jre\21.0.7-win32-x86_64\bin\server\jvm.dll
0x00007ffaac520000 - 0x00007ffaac5d1000 	C:\WINDOWS\System32\ADVAPI32.dll
0x00007ffaad450000 - 0x00007ffaad4f7000 	C:\WINDOWS\System32\sechost.dll
0x00007ffaac0a0000 - 0x00007ffaac0c8000 	C:\WINDOWS\System32\bcrypt.dll
0x00007ffaad6c0000 - 0x00007ffaad7d4000 	C:\WINDOWS\System32\RPCRT4.dll
0x00007ffaac5e0000 - 0x00007ffaac651000 	C:\WINDOWS\System32\WS2_32.dll
0x00007ffaab6d0000 - 0x00007ffaab71d000 	C:\WINDOWS\SYSTEM32\POWRPROF.dll
0x00007ffaa7110000 - 0x00007ffaa7144000 	C:\WINDOWS\SYSTEM32\WINMM.dll
0x00007ffaa1fa0000 - 0x00007ffaa1faa000 	C:\WINDOWS\SYSTEM32\VERSION.dll
0x00007ffaab6b0000 - 0x00007ffaab6c3000 	C:\WINDOWS\SYSTEM32\UMPDC.dll
0x00007ffaaa840000 - 0x00007ffaaa858000 	C:\WINDOWS\SYSTEM32\kernel.appcore.dll
0x00007ffa9a620000 - 0x00007ffa9a62a000 	c:\Users\JB\.cursor\extensions\redhat.java-1.42.0-win32-x64\jre\21.0.7-win32-x86_64\bin\jimage.dll
0x00007ffa90810000 - 0x00007ffa90a42000 	C:\WINDOWS\SYSTEM32\DBGHELP.DLL
0x00007ffaae330000 - 0x00007ffaae6c3000 	C:\WINDOWS\System32\combase.dll
0x00007ffaac6a0000 - 0x00007ffaac777000 	C:\WINDOWS\System32\OLEAUT32.dll
0x00007ffa8ff00000 - 0x00007ffa8ff32000 	C:\WINDOWS\SYSTEM32\dbgcore.DLL
0x00007ffaabb00000 - 0x00007ffaabb7b000 	C:\WINDOWS\System32\bcryptPrimitives.dll
0x00007ffa959d0000 - 0x00007ffa959df000 	c:\Users\JB\.cursor\extensions\redhat.java-1.42.0-win32-x64\jre\21.0.7-win32-x86_64\bin\instrument.dll
0x00007ffa97a70000 - 0x00007ffa97a8f000 	c:\Users\JB\.cursor\extensions\redhat.java-1.42.0-win32-x64\jre\21.0.7-win32-x86_64\bin\java.dll

dbghelp: loaded successfully - version: 4.0.5 - missing functions: none
symbol engine: initialized successfully - sym options: 0x614 - pdb path: .;c:\Users\JB\.cursor\extensions\redhat.java-1.42.0-win32-x64\jre\21.0.7-win32-x86_64\bin;C:\WINDOWS\SYSTEM32;C:\WINDOWS\WinSxS\amd64_microsoft.windows.common-controls_6595b64144ccf1df_6.0.22621.5240_none_2710eadf7384a318;c:\Users\JB\.cursor\extensions\redhat.java-1.42.0-win32-x64\jre\21.0.7-win32-x86_64\bin\server

VM Arguments:
jvm_args: --add-modules=ALL-SYSTEM --add-opens=java.base/java.util=ALL-UNNAMED --add-opens=java.base/java.lang=ALL-UNNAMED --add-opens=java.base/sun.nio.fs=ALL-UNNAMED -Declipse.application=org.eclipse.jdt.ls.core.id1 -Dosgi.bundles.defaultStartLevel=4 -Declipse.product=org.eclipse.jdt.ls.core.product -Djava.import.generatesMetadataFilesAtProjectRoot=false -DDetectVMInstallationsJob.disabled=true -Dfile.encoding=utf8 -XX:+UseParallelGC -XX:GCTimeRatio=4 -XX:AdaptiveSizePolicyWeight=90 -Dsun.zip.disableMemoryMapping=true -Xmx1G -Xms100m -Xlog:disable -javaagent:c:\Users\JB\.cursor\extensions\redhat.java-1.42.0-win32-x64\lombok\lombok-1.18.36.jar 
java_command: c:\Users\JB\.cursor\extensions\redhat.java-1.42.0-win32-x64\server\plugins\org.eclipse.equinox.launcher_1.7.0.v20250424-1814.jar -configuration c:\Users\JB\AppData\Roaming\Cursor\User\globalStorage\redhat.java\1.42.0\config_ss_win -data c:\Users\JB\AppData\Roaming\Cursor\User\workspaceStorage\84eb2e42148a5132c545ea024a43da43\redhat.java\ss_ws --pipe=\\.\pipe\lsp-cc993a55273ad91a01b2475f45f9810d-sock
java_class_path (initial): c:\Users\JB\.cursor\extensions\redhat.java-1.42.0-win32-x64\server\plugins\org.eclipse.equinox.launcher_1.7.0.v20250424-1814.jar
Launcher Type: SUN_STANDARD

[Global flags]
    uintx AdaptiveSizePolicyWeight                 = 90                                        {product} {command line}
     intx CICompilerCount                          = 3                                         {product} {ergonomic}
    uintx GCTimeRatio                              = 4                                         {product} {command line}
   size_t InitialHeapSize                          = 104857600                                 {product} {command line}
   size_t MaxHeapSize                              = 1073741824                                {product} {command line}
   size_t MaxNewSize                               = 357564416                                 {product} {ergonomic}
   size_t MinHeapDeltaBytes                        = 524288                                    {product} {ergonomic}
   size_t MinHeapSize                              = 104857600                                 {product} {command line}
   size_t NewSize                                  = 34603008                                  {product} {ergonomic}
    uintx NonNMethodCodeHeapSize                   = 5832780                                {pd product} {ergonomic}
    uintx NonProfiledCodeHeapSize                  = 122912730                              {pd product} {ergonomic}
   size_t OldSize                                  = 70254592                                  {product} {ergonomic}
    uintx ProfiledCodeHeapSize                     = 122912730                              {pd product} {ergonomic}
    uintx ReservedCodeCacheSize                    = 251658240                              {pd product} {ergonomic}
     bool SegmentedCodeCache                       = true                                      {product} {ergonomic}
   size_t SoftMaxHeapSize                          = 1073741824                             {manageable} {ergonomic}
     bool UseCompressedOops                        = true                           {product lp64_product} {ergonomic}
     bool UseLargePagesIndividualAllocation        = false                                  {pd product} {ergonomic}
     bool UseParallelGC                            = true                                      {product} {command line}

Logging:
Log output configuration:
 #0: stdout all=off uptime,level,tags foldmultilines=false
 #1: stderr all=off uptime,level,tags foldmultilines=false

Environment Variables:
PATH=C:\Users\JB\AppData\Local\Programs\Python\Python312\Scripts\;C:\Users\JB\AppData\Local\Programs\Python\Python312\;C:\Program Files\Common Files\Oracle\Java\javapath;C:\WINDOWS\system32;C:\WINDOWS;C:\WINDOWS\System32\Wbem;C:\WINDOWS\System32\WindowsPowerShell\v1.0\;C:\WINDOWS\System32\OpenSSH\;C:\Program Files\dotnet\;C:\Program Files\Git\cmd;C:\xampp\php;C:\Program Files\nodejs\;C:\ProgramData\chocolatey\bin;C:\Program Files\Microsoft SQL Server\120\Tools\Binn\;C:\composer;C:\ProgramData\ComposerSetup\bin;C:\Program Files\CMake\bin;C:\Program Files\PowerShell\7\;c:\Users\JB\AppData\Local\Programs\Trae\bin;c:\Users\JB\AppData\Local\Programs\Trae\bin;C:\Users\JB\AppData\Local\Programs\Python\Launcher\;C:\Users\JB\AppData\Local\Microsoft\WindowsApps;C:\Program Files\Azure Data Studio\bin;C:\Program Files\JetBrains\IntelliJ IDEA 2023.1.2\bin;;C:\Users\JB\AppData\Roaming\Composer\vendor\bin;C:\flutter\flutter\bin;C:\Users\JB\AppData\Local\Muse Hub\lib;C:\Users\JB\AppData\Local\Microsoft\WinGet\Links;C:\Users\JB\AppData\Roaming\npm;C:\Users\JB\AppData\Local\Programs\Windsurf\bin;C:\Users\JB\AppData\Local\Programs\cursor\resources\app\bin;C:\Users\JB\.dotnet\tools
USERNAME=JB
OS=Windows_NT
PROCESSOR_IDENTIFIER=Intel64 Family 6 Model 78 Stepping 3, GenuineIntel
TMP=C:\Users\JB\AppData\Local\Temp
TEMP=C:\Users\JB\AppData\Local\Temp




Periodic native trim disabled

---------------  S Y S T E M  ---------------

OS:
 Windows 11 , 64 bit Build 22621 (10.0.22621.5305)
OS uptime: 0 days 5:41 hours

CPU: total 4 (initial active 4) (2 cores per cpu, 2 threads per core) family 6 model 78 stepping 3 microcode 0xf0, cx8, cmov, fxsr, ht, mmx, 3dnowpref, sse, sse2, sse3, ssse3, sse4.1, sse4.2, popcnt, lzcnt, tsc, tscinvbit, avx, avx2, aes, erms, clmul, bmi1, bmi2, rtm, adx, fma, vzeroupper, clflush, clflushopt, rdtscp, f16c
Processor Information for the first 4 processors :
  Max Mhz: 2808, Current Mhz: 2607, Mhz Limit: 2583

Memory: 4k page, system-wide physical 20319M (4231M free)
TotalPageFile size 20319M (AvailPageFile size 4M)
current process WorkingSet (physical memory assigned to process): 25M, peak: 25M
current process commit charge ("private bytes"): 162M, peak: 162M

vm_info: OpenJDK 64-Bit Server VM (21.0.7+6-LTS) for windows-amd64 JRE (21.0.7+6-LTS), built on 2025-04-15T00:00:00Z by "admin" with MS VC++ 17.7 (VS2022)

END.
