#
# There is insufficient memory for the Java Runtime Environment to continue.
# Native memory allocation (malloc) failed to allocate 281136 bytes. Error detail: Chunk::new
# Possible reasons:
#   The system is out of physical RAM or swap space
#   This process is running with CompressedOops enabled, and the Java Heap may be blocking the growth of the native heap
# Possible solutions:
#   Reduce memory load on the system
#   Increase physical memory or swap space
#   Check if swap backing store is full
#   Decrease Java heap size (-Xmx/-Xms)
#   Decrease number of Java threads
#   Decrease Java thread stack sizes (-Xss)
#   Set larger code cache with -XX:ReservedCodeCacheSize=
#   JVM is running with Unscaled Compressed Oops mode in which the Java heap is
#     placed in the first 4GB address space. The Java Heap base address is the
#     maximum limit for the native heap growth. Please use -XX:HeapBaseMinAddress
#     to set the Java Heap base and to place the Java Heap above 4GB virtual address.
# This output file may be truncated or incomplete.
#
#  Out of Memory Error (arena.cpp:168), pid=1852, tid=21488
#
# JRE version: OpenJDK Runtime Environment Temurin-21.0.7+6 (21.0.7+6) (build 21.0.7+6-LTS)
# Java VM: OpenJDK 64-Bit Server VM Temurin-21.0.7+6 (21.0.7+6-LTS, mixed mode, sharing, tiered, compressed oops, compressed class ptrs, parallel gc, windows-amd64)
# No core dump will be written. Minidumps are not enabled by default on client versions of Windows
#

---------------  S U M M A R Y ------------

Command Line: --add-modules=ALL-SYSTEM --add-opens=java.base/java.util=ALL-UNNAMED --add-opens=java.base/java.lang=ALL-UNNAMED --add-opens=java.base/sun.nio.fs=ALL-UNNAMED -Declipse.application=org.eclipse.jdt.ls.core.id1 -Dosgi.bundles.defaultStartLevel=4 -Declipse.product=org.eclipse.jdt.ls.core.product -Djava.import.generatesMetadataFilesAtProjectRoot=false -DDetectVMInstallationsJob.disabled=true -Dfile.encoding=utf8 -XX:+UseParallelGC -XX:GCTimeRatio=4 -XX:AdaptiveSizePolicyWeight=90 -Dsun.zip.disableMemoryMapping=true -Xmx1G -Xms100m -Xlog:disable -javaagent:c:\Users\JB\.cursor\extensions\redhat.java-1.42.0-win32-x64\lombok\lombok-1.18.36.jar c:\Users\JB\.cursor\extensions\redhat.java-1.42.0-win32-x64\server\plugins\org.eclipse.equinox.launcher_1.7.0.v20250424-1814.jar -configuration c:\Users\JB\AppData\Roaming\Cursor\User\globalStorage\redhat.java\1.42.0\config_ss_win -data c:\Users\JB\AppData\Roaming\Cursor\User\workspaceStorage\84eb2e42148a5132c545ea024a43da43\redhat.java\ss_ws --pipe=\\.\pipe\lsp-5a4b6b5d77614bab4a453845ae491e8b-sock

Host: Intel(R) Core(TM) i7-6600U CPU @ 2.60GHz, 4 cores, 19G,  Windows 11 , 64 bit Build 22621 (10.0.22621.5305)
Time: Fri Jun  6 20:42:13 2025 Coordinated Universal Time elapsed time: 8.183086 seconds (0d 0h 0m 8s)

---------------  T H R E A D  ---------------

Current thread (0x00000227884e1610):  JavaThread "C2 CompilerThread1" daemon [_thread_in_native, id=21488, stack(0x00000097a0a00000,0x00000097a0b00000) (1024K)]


Current CompileTask:
C2:8183 1934       4       java.io.DataInputStream::readFully (59 bytes)

Stack: [0x00000097a0a00000,0x00000097a0b00000]
Native frames: (J=compiled Java code, j=interpreted, Vv=VM code, C=native code)
V  [jvm.dll+0x6ce119]
V  [jvm.dll+0x8a84a1]
V  [jvm.dll+0x8aa9ce]
V  [jvm.dll+0x8ab0b3]
V  [jvm.dll+0x27f8a6]
V  [jvm.dll+0xc507d]
V  [jvm.dll+0xc55b3]
V  [jvm.dll+0x3b68f2]
V  [jvm.dll+0x382aa5]
V  [jvm.dll+0x381f0a]
V  [jvm.dll+0x247af0]
V  [jvm.dll+0x2470cf]
V  [jvm.dll+0x1c760e]
V  [jvm.dll+0x25695a]
V  [jvm.dll+0x254efa]
V  [jvm.dll+0x3f03f6]
V  [jvm.dll+0x851f6b]
V  [jvm.dll+0x6cc7dd]
C  [ucrtbase.dll+0x29333]
C  [KERNEL32.DLL+0x1259d]
C  [ntdll.dll+0x5af78]


---------------  P R O C E S S  ---------------

Threads class SMR info:
_java_thread_list=0x00000227884d2b30, length=17, elements={
0x00000227301989b0, 0x000002274667d930, 0x000002274667f190, 0x0000022746680430,
0x0000022746683aa0, 0x0000022746684a10, 0x0000022746686820, 0x00000227466875a0,
0x00000227466f8cb0, 0x000002278848c0b0, 0x00000227886c1110, 0x000002278d4e0c70,
0x000002278d511c80, 0x000002278d5132f0, 0x000002278d50b6d0, 0x000002278d1a09b0,
0x00000227884e1610
}

Java Threads: ( => current thread )
  0x00000227301989b0 JavaThread "main"                              [_thread_blocked, id=18656, stack(0x000000979f400000,0x000000979f500000) (1024K)]
  0x000002274667d930 JavaThread "Reference Handler"          daemon [_thread_blocked, id=3564, stack(0x000000979f800000,0x000000979f900000) (1024K)]
  0x000002274667f190 JavaThread "Finalizer"                  daemon [_thread_blocked, id=21052, stack(0x000000979f900000,0x000000979fa00000) (1024K)]
  0x0000022746680430 JavaThread "Signal Dispatcher"          daemon [_thread_blocked, id=18336, stack(0x000000979fa00000,0x000000979fb00000) (1024K)]
  0x0000022746683aa0 JavaThread "Attach Listener"            daemon [_thread_blocked, id=15908, stack(0x000000979fb00000,0x000000979fc00000) (1024K)]
  0x0000022746684a10 JavaThread "Service Thread"             daemon [_thread_blocked, id=15956, stack(0x000000979fc00000,0x000000979fd00000) (1024K)]
  0x0000022746686820 JavaThread "Monitor Deflation Thread"   daemon [_thread_blocked, id=20796, stack(0x000000979fd00000,0x000000979fe00000) (1024K)]
  0x00000227466875a0 JavaThread "C2 CompilerThread0"         daemon [_thread_in_native, id=5520, stack(0x000000979fe00000,0x000000979ff00000) (1024K)]
  0x00000227466f8cb0 JavaThread "C1 CompilerThread0"         daemon [_thread_blocked, id=18140, stack(0x000000979ff00000,0x00000097a0000000) (1024K)]
  0x000002278848c0b0 JavaThread "Common-Cleaner"             daemon [_thread_blocked, id=21568, stack(0x00000097a0000000,0x00000097a0100000) (1024K)]
  0x00000227886c1110 JavaThread "Notification Thread"        daemon [_thread_blocked, id=12760, stack(0x00000097a0100000,0x00000097a0200000) (1024K)]
  0x000002278d4e0c70 JavaThread "Active Thread: Equinox Container: c6e9a126-6b46-4187-8f33-41afd7da4539"        [_thread_blocked, id=1244, stack(0x00000097a0600000,0x00000097a0700000) (1024K)]
  0x000002278d511c80 JavaThread "Framework Event Dispatcher: Equinox Container: c6e9a126-6b46-4187-8f33-41afd7da4539" daemon [_thread_blocked, id=20324, stack(0x00000097a0200000,0x00000097a0300000) (1024K)]
  0x000002278d5132f0 JavaThread "Start Level: Equinox Container: c6e9a126-6b46-4187-8f33-41afd7da4539" daemon [_thread_in_vm, id=7860, stack(0x00000097a0700000,0x00000097a0800000) (1024K)]
  0x000002278d50b6d0 JavaThread "SCR Component Actor"        daemon [_thread_blocked, id=19768, stack(0x00000097a0800000,0x00000097a0900000) (1024K)]
  0x000002278d1a09b0 JavaThread "SCR Component Registry"     daemon [_thread_blocked, id=19616, stack(0x00000097a0900000,0x00000097a0a00000) (1024K)]
=>0x00000227884e1610 JavaThread "C2 CompilerThread1"         daemon [_thread_in_native, id=21488, stack(0x00000097a0a00000,0x00000097a0b00000) (1024K)]
Total: 17

Other Threads:
  0x000002274665ea40 VMThread "VM Thread"                           [id=19180, stack(0x000000979f700000,0x000000979f800000) (1024K)]
  0x000002274661ca00 WatcherThread "VM Periodic Task Thread"        [id=22132, stack(0x000000979f600000,0x000000979f700000) (1024K)]
  0x0000022732372f20 WorkerThread "GC Thread#0"                     [id=3492, stack(0x000000979f500000,0x000000979f600000) (1024K)]
  0x000002278d1d9a90 WorkerThread "GC Thread#1"                     [id=18004, stack(0x00000097a0300000,0x00000097a0400000) (1024K)]
  0x000002278d1d9e30 WorkerThread "GC Thread#2"                     [id=6912, stack(0x00000097a0400000,0x00000097a0500000) (1024K)]
  0x000002278d1da1d0 WorkerThread "GC Thread#3"                     [id=16016, stack(0x00000097a0500000,0x00000097a0600000) (1024K)]
Total: 6

Threads with active compile tasks:
C2 CompilerThread0  8235 1938 %     4       java.io.DataInputStream::readUTF @ 92 (501 bytes)
C2 CompilerThread1  8235 1934       4       java.io.DataInputStream::readFully (59 bytes)
Total: 2

VM state: not at safepoint (normal execution)

VM Mutex/Monitor currently owned by a thread: None

Heap address: 0x00000000c0000000, size: 1024 MB, Compressed Oops mode: 32-bit

CDS archive(s) mapped at: [0x0000022747000000-0x0000022747ba0000-0x0000022747ba0000), size 12189696, SharedBaseAddress: 0x0000022747000000, ArchiveRelocationMode: 1.
Compressed class space mapped at: 0x0000022748000000-0x0000022788000000, reserved size: 1073741824
Narrow klass base: 0x0000022747000000, Narrow klass shift: 0, Narrow klass range: 0x100000000

GC Precious Log:
 CardTable entry size: 512
 CPUs: 4 total, 4 available
 Memory: 20319M
 Large Page Support: Disabled
 NUMA Support: Disabled
 Compressed Oops: Enabled (32-bit)
 Alignments: Space 512K, Generation 512K, Heap 2M
 Heap Min Capacity: 100M
 Heap Initial Capacity: 100M
 Heap Max Capacity: 1G
 Pre-touch: Disabled
 Parallel Workers: 4

Heap:
 PSYoungGen      total 29696K, used 15778K [0x00000000eab00000, 0x00000000ecc00000, 0x0000000100000000)
  eden space 25600K, 45% used [0x00000000eab00000,0x00000000eb66b7e8,0x00000000ec400000)
  from space 4096K, 99% used [0x00000000ec800000,0x00000000ecbfd1e8,0x00000000ecc00000)
  to   space 4096K, 0% used [0x00000000ec400000,0x00000000ec400000,0x00000000ec800000)
 ParOldGen       total 68608K, used 891K [0x00000000c0000000, 0x00000000c4300000, 0x00000000eab00000)
  object space 68608K, 1% used [0x00000000c0000000,0x00000000c00deeb8,0x00000000c4300000)
 Metaspace       used 10667K, committed 11072K, reserved 1114112K
  class space    used 1109K, committed 1280K, reserved 1048576K

Card table byte_map: [0x0000022731d20000,0x0000022731f30000] _byte_map_base: 0x0000022731720000

Marking Bits: (ParMarkBitMap*) 0x00007ffea03731f0
 Begin Bits: [0x0000022744540000, 0x0000022745540000)
 End Bits:   [0x0000022745540000, 0x0000022746540000)

Polling page: 0x0000022731b10000

Metaspace:

Usage:
  Non-class:      9.33 MB used.
      Class:      1.08 MB used.
       Both:     10.42 MB used.

Virtual space:
  Non-class space:       64.00 MB reserved,       9.56 MB ( 15%) committed,  1 nodes.
      Class space:        1.00 GB reserved,       1.25 MB ( <1%) committed,  1 nodes.
             Both:        1.06 GB reserved,      10.81 MB ( <1%) committed. 

Chunk freelists:
   Non-Class:  6.11 MB
       Class:  14.70 MB
        Both:  20.81 MB

MaxMetaspaceSize: unlimited
CompressedClassSpaceSize: 1.00 GB
Initial GC threshold: 21.00 MB
Current GC threshold: 21.00 MB
CDS: on
 - commit_granule_bytes: 65536.
 - commit_granule_words: 8192.
 - virtual_space_node_default_size: 8388608.
 - enlarge_chunks_in_place: 1.
 - use_allocation_guard: 0.


Internal statistics:

num_allocs_failed_limit: 0.
num_arena_births: 276.
num_arena_deaths: 0.
num_vsnodes_births: 2.
num_vsnodes_deaths: 0.
num_space_committed: 173.
num_space_uncommitted: 0.
num_chunks_returned_to_freelist: 0.
num_chunks_taken_from_freelist: 553.
num_chunk_merges: 0.
num_chunk_splits: 376.
num_chunks_enlarged: 256.
num_inconsistent_stats: 0.

CodeHeap 'non-profiled nmethods': size=120000Kb used=836Kb max_used=836Kb free=119163Kb
 bounds [0x000002273d010000, 0x000002273d280000, 0x0000022744540000]
CodeHeap 'profiled nmethods': size=120000Kb used=3521Kb max_used=3521Kb free=116478Kb
 bounds [0x0000022735540000, 0x00000227358c0000, 0x000002273ca70000]
CodeHeap 'non-nmethods': size=5760Kb used=1223Kb max_used=1253Kb free=4536Kb
 bounds [0x000002273ca70000, 0x000002273cce0000, 0x000002273d010000]
 total_blobs=2418 nmethods=1926 adapters=399
 compilation: enabled
              stopped_count=0, restarted_count=0
 full_count=0

Compilation events (20 events):
Event: 8.138 Thread 0x00000227466f8cb0 1925       3       java.io.WinNTFileSystem::normalize (143 bytes)
Event: 8.139 Thread 0x00000227466f8cb0 nmethod 1925 0x00000227358aa090 code [0x00000227358aa320, 0x00000227358aad80]
Event: 8.139 Thread 0x00000227466f8cb0 1926       3       java.lang.String::<init> (10 bytes)
Event: 8.139 Thread 0x00000227466f8cb0 nmethod 1926 0x00000227358ab190 code [0x00000227358ab340, 0x00000227358ab490]
Event: 8.143 Thread 0x00000227466f8cb0 1927       3       java.io.DataInputStream::readLong (20 bytes)
Event: 8.144 Thread 0x00000227466f8cb0 nmethod 1927 0x00000227358ab590 code [0x00000227358ab7a0, 0x00000227358abdb0]
Event: 8.144 Thread 0x00000227466f8cb0 1928       3       jdk.internal.util.ByteArray::getLong (9 bytes)
Event: 8.144 Thread 0x00000227466f8cb0 nmethod 1928 0x00000227358ac090 code [0x00000227358ac280, 0x00000227358ac7b0]
Event: 8.144 Thread 0x00000227466f8cb0 1929       3       java.lang.invoke.VarHandleGuards::guard_LI_J (78 bytes)
Event: 8.146 Thread 0x00000227466f8cb0 nmethod 1929 0x00000227358aca10 code [0x00000227358acd40, 0x00000227358ae510]
Event: 8.146 Thread 0x00000227466f8cb0 1930       3       java.lang.invoke.VarHandleByteArrayAsLongs$ArrayHandle::get (36 bytes)
Event: 8.147 Thread 0x00000227466f8cb0 nmethod 1930 0x00000227358aec10 code [0x00000227358aede0, 0x00000227358af1b8]
Event: 8.147 Thread 0x00000227466f8cb0 1931       3       java.lang.invoke.VarHandleByteArrayAsLongs$ArrayHandle::index (13 bytes)
Event: 8.147 Thread 0x00000227466f8cb0 nmethod 1931 0x00000227358af390 code [0x00000227358af540, 0x00000227358af688]
Event: 8.147 Thread 0x00000227466875a0 1933   !   4       java.io.BufferedInputStream::read (69 bytes)
Event: 8.152 Thread 0x00000227466f8cb0 1941       1       org.eclipse.osgi.storage.BundleInfo::getBundleId (5 bytes)
Event: 8.152 Thread 0x00000227466f8cb0 nmethod 1941 0x000002273d0df010 code [0x000002273d0df1a0, 0x000002273d0df268]
Event: 8.153 Thread 0x00000227884e1610 1934       4       java.io.DataInputStream::readFully (59 bytes)
Event: 8.161 Thread 0x00000227466f8cb0 1942       3       org.eclipse.osgi.internal.framework.EquinoxBundle::getState (101 bytes)
Event: 8.162 Thread 0x00000227466f8cb0 nmethod 1942 0x00000227358af790 code [0x00000227358afa00, 0x00000227358b0378]

GC Heap History (4 events):
Event: 3.381 GC heap before
{Heap before GC invocations=1 (full 0):
 PSYoungGen      total 29696K, used 25600K [0x00000000eab00000, 0x00000000ecc00000, 0x0000000100000000)
  eden space 25600K, 100% used [0x00000000eab00000,0x00000000ec400000,0x00000000ec400000)
  from space 4096K, 0% used [0x00000000ec800000,0x00000000ec800000,0x00000000ecc00000)
  to   space 4096K, 0% used [0x00000000ec400000,0x00000000ec400000,0x00000000ec800000)
 ParOldGen       total 68608K, used 0K [0x00000000c0000000, 0x00000000c4300000, 0x00000000eab00000)
  object space 68608K, 0% used [0x00000000c0000000,0x00000000c0000000,0x00000000c4300000)
 Metaspace       used 4362K, committed 4608K, reserved 1114112K
  class space    used 460K, committed 576K, reserved 1048576K
}
Event: 3.432 GC heap after
{Heap after GC invocations=1 (full 0):
 PSYoungGen      total 29696K, used 3270K [0x00000000eab00000, 0x00000000ecc00000, 0x0000000100000000)
  eden space 25600K, 0% used [0x00000000eab00000,0x00000000eab00000,0x00000000ec400000)
  from space 4096K, 79% used [0x00000000ec400000,0x00000000ec731870,0x00000000ec800000)
  to   space 4096K, 0% used [0x00000000ec800000,0x00000000ec800000,0x00000000ecc00000)
 ParOldGen       total 68608K, used 0K [0x00000000c0000000, 0x00000000c4300000, 0x00000000eab00000)
  object space 68608K, 0% used [0x00000000c0000000,0x00000000c0000000,0x00000000c4300000)
 Metaspace       used 4362K, committed 4608K, reserved 1114112K
  class space    used 460K, committed 576K, reserved 1048576K
}
Event: 6.771 GC heap before
{Heap before GC invocations=2 (full 0):
 PSYoungGen      total 29696K, used 28870K [0x00000000eab00000, 0x00000000ecc00000, 0x0000000100000000)
  eden space 25600K, 100% used [0x00000000eab00000,0x00000000ec400000,0x00000000ec400000)
  from space 4096K, 79% used [0x00000000ec400000,0x00000000ec731870,0x00000000ec800000)
  to   space 4096K, 0% used [0x00000000ec800000,0x00000000ec800000,0x00000000ecc00000)
 ParOldGen       total 68608K, used 0K [0x00000000c0000000, 0x00000000c4300000, 0x00000000eab00000)
  object space 68608K, 0% used [0x00000000c0000000,0x00000000c0000000,0x00000000c4300000)
 Metaspace       used 8308K, committed 8640K, reserved 1114112K
  class space    used 852K, committed 1024K, reserved 1048576K
}
Event: 6.779 GC heap after
{Heap after GC invocations=2 (full 0):
 PSYoungGen      total 29696K, used 4084K [0x00000000eab00000, 0x00000000ecc00000, 0x0000000100000000)
  eden space 25600K, 0% used [0x00000000eab00000,0x00000000eab00000,0x00000000ec400000)
  from space 4096K, 99% used [0x00000000ec800000,0x00000000ecbfd1e8,0x00000000ecc00000)
  to   space 4096K, 0% used [0x00000000ec400000,0x00000000ec400000,0x00000000ec800000)
 ParOldGen       total 68608K, used 891K [0x00000000c0000000, 0x00000000c4300000, 0x00000000eab00000)
  object space 68608K, 1% used [0x00000000c0000000,0x00000000c00deeb8,0x00000000c4300000)
 Metaspace       used 8308K, committed 8640K, reserved 1114112K
  class space    used 852K, committed 1024K, reserved 1048576K
}

Dll operation events (9 events):
Event: 0.024 Loaded shared library c:\Users\JB\.cursor\extensions\redhat.java-1.42.0-win32-x64\jre\21.0.7-win32-x86_64\bin\java.dll
Event: 0.306 Loaded shared library c:\Users\JB\.cursor\extensions\redhat.java-1.42.0-win32-x64\jre\21.0.7-win32-x86_64\bin\zip.dll
Event: 0.400 Loaded shared library C:\Users\JB\.cursor\extensions\redhat.java-1.42.0-win32-x64\jre\21.0.7-win32-x86_64\bin\instrument.dll
Event: 0.460 Loaded shared library C:\Users\JB\.cursor\extensions\redhat.java-1.42.0-win32-x64\jre\21.0.7-win32-x86_64\bin\net.dll
Event: 0.464 Loaded shared library C:\Users\JB\.cursor\extensions\redhat.java-1.42.0-win32-x64\jre\21.0.7-win32-x86_64\bin\nio.dll
Event: 0.475 Loaded shared library C:\Users\JB\.cursor\extensions\redhat.java-1.42.0-win32-x64\jre\21.0.7-win32-x86_64\bin\zip.dll
Event: 0.547 Loaded shared library C:\Users\JB\.cursor\extensions\redhat.java-1.42.0-win32-x64\jre\21.0.7-win32-x86_64\bin\jimage.dll
Event: 0.935 Loaded shared library c:\Users\JB\.cursor\extensions\redhat.java-1.42.0-win32-x64\jre\21.0.7-win32-x86_64\bin\verify.dll
Event: 6.309 Loaded shared library C:\Users\JB\AppData\Roaming\Cursor\User\globalStorage\redhat.java\1.42.0\config_ss_win\org.eclipse.equinox.launcher\org.eclipse.equinox.launcher.win32.win32.x86_64_1.2.1300.v20250331-1702\eclipse_11911.dll

Deoptimization events (20 events):
Event: 6.475 Thread 0x000002278d5132f0 DEOPT PACKING pc=0x000002273d094c34 sp=0x00000097a07fe3c0
Event: 6.475 Thread 0x000002278d5132f0 DEOPT UNPACKING pc=0x000002273cac3aa2 sp=0x00000097a07fe350 mode 2
Event: 6.486 Thread 0x000002278d5132f0 Uncommon trap: trap_request=0xffffff6e fr.pc=0x000002273d080ce8 relative=0x00000000000003a8
Event: 6.486 Thread 0x000002278d5132f0 Uncommon trap: reason=loop_limit_check action=maybe_recompile pc=0x000002273d080ce8 method=java.lang.StringLatin1.indexOf([BI[BII)I @ 37 c2
Event: 6.486 Thread 0x000002278d5132f0 DEOPT PACKING pc=0x000002273d080ce8 sp=0x00000097a07f8ad0
Event: 6.486 Thread 0x000002278d5132f0 DEOPT UNPACKING pc=0x000002273cac3aa2 sp=0x00000097a07f8a30 mode 2
Event: 6.499 Thread 0x000002278d5132f0 DEOPT PACKING pc=0x00000227357ae913 sp=0x00000097a07fbf90
Event: 6.499 Thread 0x000002278d5132f0 DEOPT UNPACKING pc=0x000002273cac4242 sp=0x00000097a07fb498 mode 0
Event: 7.998 Thread 0x000002278d5132f0 Uncommon trap: trap_request=0xffffff45 fr.pc=0x000002273d0c05f8 relative=0x0000000000000a18
Event: 7.998 Thread 0x000002278d5132f0 Uncommon trap: reason=unstable_if action=reinterpret pc=0x000002273d0c05f8 method=java.util.concurrent.ConcurrentHashMap.putVal(Ljava/lang/Object;Ljava/lang/Object;Z)Ljava/lang/Object; @ 148 c2
Event: 7.998 Thread 0x000002278d5132f0 DEOPT PACKING pc=0x000002273d0c05f8 sp=0x00000097a07f89f0
Event: 7.998 Thread 0x000002278d5132f0 DEOPT UNPACKING pc=0x000002273cac3aa2 sp=0x00000097a07f8960 mode 2
Event: 8.005 Thread 0x000002278d5132f0 Uncommon trap: trap_request=0xffffff45 fr.pc=0x000002273d0cee18 relative=0x0000000000001518
Event: 8.005 Thread 0x000002278d5132f0 Uncommon trap: reason=unstable_if action=reinterpret pc=0x000002273d0cee18 method=java.io.WinNTFileSystem.normalize(Ljava/lang/String;II)Ljava/lang/String; @ 100 c2
Event: 8.005 Thread 0x000002278d5132f0 DEOPT PACKING pc=0x000002273d0cee18 sp=0x00000097a07f8e40
Event: 8.005 Thread 0x000002278d5132f0 DEOPT UNPACKING pc=0x000002273cac3aa2 sp=0x00000097a07f8d80 mode 2
Event: 8.131 Thread 0x000002278d5132f0 Uncommon trap: trap_request=0xffffff45 fr.pc=0x000002273d0952b4 relative=0x0000000000000094
Event: 8.131 Thread 0x000002278d5132f0 Uncommon trap: reason=unstable_if action=reinterpret pc=0x000002273d0952b4 method=java.io.BufferedInputStream.getBufIfOpen(Z)[B @ 13 c2
Event: 8.131 Thread 0x000002278d5132f0 DEOPT PACKING pc=0x000002273d0952b4 sp=0x00000097a07f8720
Event: 8.131 Thread 0x000002278d5132f0 DEOPT UNPACKING pc=0x000002273cac3aa2 sp=0x00000097a07f86a0 mode 2

Classes loaded (20 events):
Event: 7.625 Loading class java/io/CharConversionException done
Event: 7.625 Loading class com/sun/org/apache/xerces/internal/impl/io/MalformedByteSequenceException done
Event: 7.645 Loading class java/util/concurrent/RejectedExecutionException
Event: 7.645 Loading class java/util/concurrent/RejectedExecutionException done
Event: 7.645 Loading class java/util/concurrent/CompletionStage
Event: 7.646 Loading class java/util/concurrent/CompletionStage done
Event: 7.648 Loading class java/util/Timer
Event: 7.648 Loading class java/util/Timer done
Event: 7.648 Loading class java/util/TaskQueue
Event: 7.648 Loading class java/util/TaskQueue done
Event: 7.648 Loading class java/util/TimerThread
Event: 7.649 Loading class java/util/TimerThread done
Event: 7.649 Loading class java/util/Timer$ThreadReaper
Event: 7.649 Loading class java/util/Timer$ThreadReaper done
Event: 7.858 Loading class java/util/concurrent/locks/ReentrantLock$FairSync
Event: 7.858 Loading class java/util/concurrent/locks/ReentrantLock$FairSync done
Event: 7.860 Loading class java/util/Collections$ReverseComparator
Event: 7.860 Loading class java/util/Collections$ReverseComparator done
Event: 8.128 Loading class java/lang/CloneNotSupportedException
Event: 8.128 Loading class java/lang/CloneNotSupportedException done

Classes unloaded (0 events):
No events

Classes redefined (0 events):
No events

Internal exceptions (20 events):
Event: 3.374 Thread 0x00000227301989b0 Exception <a 'java/io/FileNotFoundException'{0x00000000ec3dd940}> (0x00000000ec3dd940) 
thrown [s\src\hotspot\share\prims\jni.cpp, line 520]
Event: 3.538 Thread 0x00000227301989b0 Implicit null exception at 0x000002273d077249 to 0x000002273d077d34
Event: 3.538 Thread 0x00000227301989b0 Implicit null exception at 0x000002273d06f7a0 to 0x000002273d06f9cc
Event: 3.539 Thread 0x00000227301989b0 Exception <a 'java/lang/NoSuchMethodError'{0x00000000eacc8bd8}: 'void java.lang.invoke.DirectMethodHandle$Holder.invokeStatic(java.lang.Object, java.lang.Object, java.lang.Object, java.lang.Object)'> (0x00000000eacc8bd8) 
thrown [s\src\hotspot\share\interpreter\linkResolver.cpp, line 773]
Event: 3.541 Thread 0x00000227301989b0 Implicit null exception at 0x000002273d071720 to 0x000002273d07193c
Event: 3.541 Thread 0x00000227301989b0 Implicit null exception at 0x000002273d06cfc0 to 0x000002273d06d045
Event: 3.735 Thread 0x00000227301989b0 Exception <a 'java/lang/NoSuchMethodError'{0x00000000eae839c0}: 'long java.lang.invoke.DirectMethodHandle$Holder.invokeStatic(java.lang.Object, java.lang.Object, int)'> (0x00000000eae839c0) 
thrown [s\src\hotspot\share\interpreter\linkResolver.cpp, line 773]
Event: 3.741 Thread 0x00000227301989b0 Exception <a 'java/lang/NoSuchMethodError'{0x00000000eae8b3b0}: 'java.lang.Object java.lang.invoke.DirectMethodHandle$Holder.invokeSpecial(java.lang.Object, java.lang.Object, java.lang.Object, java.lang.Object, long)'> (0x00000000eae8b3b0) 
thrown [s\src\hotspot\share\interpreter\linkResolver.cpp, line 773]
Event: 3.745 Thread 0x00000227301989b0 Exception <a 'java/lang/NoSuchMethodError'{0x00000000eae98da8}: 'java.lang.Object java.lang.invoke.DirectMethodHandle$Holder.invokeSpecial(java.lang.Object, java.lang.Object, java.lang.Object, int, java.lang.Object)'> (0x00000000eae98da8) 
thrown [s\src\hotspot\share\interpreter\linkResolver.cpp, line 773]
Event: 3.792 Thread 0x00000227301989b0 Exception <a 'java/lang/NoSuchMethodError'{0x00000000eaec2628}: 'int java.lang.invoke.DirectMethodHandle$Holder.invokeStaticInit(java.lang.Object, java.lang.Object, java.lang.Object, java.lang.Object)'> (0x00000000eaec2628) 
thrown [s\src\hotspot\share\interpreter\linkResolver.cpp, line 773]
Event: 3.793 Thread 0x00000227301989b0 Exception <a 'java/lang/IncompatibleClassChangeError'{0x00000000eaecab28}: Found class java.lang.Object, but interface was expected> (0x00000000eaecab28) 
thrown [s\src\hotspot\share\interpreter\linkResolver.cpp, line 840]
Event: 3.794 Thread 0x00000227301989b0 Exception <a 'java/lang/NoSuchMethodError'{0x00000000eaececc8}: 'void java.lang.invoke.DirectMethodHandle$Holder.invokeStaticInit(java.lang.Object, java.lang.Object)'> (0x00000000eaececc8) 
thrown [s\src\hotspot\share\interpreter\linkResolver.cpp, line 773]
Event: 3.796 Thread 0x00000227301989b0 Exception <a 'java/lang/NoSuchMethodError'{0x00000000eaed5af0}: 'int java.lang.invoke.DirectMethodHandle$Holder.invokeStaticInit(java.lang.Object, java.lang.Object)'> (0x00000000eaed5af0) 
thrown [s\src\hotspot\share\interpreter\linkResolver.cpp, line 773]
Event: 4.060 Thread 0x00000227301989b0 Exception <a 'java/lang/NoSuchMethodError'{0x00000000eb012298}: 'void java.lang.invoke.DirectMethodHandle$Holder.invokeSpecial(java.lang.Object, java.lang.Object, java.lang.Object)'> (0x00000000eb012298) 
thrown [s\src\hotspot\share\interpreter\linkResolver.cpp, line 773]
Event: 4.974 Thread 0x00000227301989b0 Exception <a 'java/lang/NoSuchMethodError'{0x00000000eb8c9f68}: 'int java.lang.invoke.DirectMethodHandle$Holder.invokeVirtual(java.lang.Object, java.lang.Object)'> (0x00000000eb8c9f68) 
thrown [s\src\hotspot\share\interpreter\linkResolver.cpp, line 773]
Event: 5.394 Thread 0x00000227301989b0 Exception <a 'java/lang/NoSuchMethodError'{0x00000000ebc3e178}: 'java.lang.Object java.lang.invoke.DirectMethodHandle$Holder.newInvokeSpecial(java.lang.Object, int, java.lang.Object)'> (0x00000000ebc3e178) 
thrown [s\src\hotspot\share\interpreter\linkResolver.cpp, line 773]
Event: 5.501 Thread 0x00000227301989b0 Exception <a 'java/lang/NoSuchMethodError'{0x00000000ebdbebd0}: 'java.lang.Object java.lang.invoke.DirectMethodHandle$Holder.newInvokeSpecial(java.lang.Object, java.lang.Object, java.lang.Object, java.lang.Object, int, java.lang.Object)'> (0x00000000ebdbebd0) 
thrown [s\src\hotspot\share\interpreter\linkResolver.cpp, line 773]
Event: 6.306 Thread 0x00000227301989b0 Exception <a 'java/lang/UnsatisfiedLinkError'{0x00000000ec20bb18}: 'void org.eclipse.equinox.launcher.JNIBridge._update_splash()'> (0x00000000ec20bb18) 
thrown [s\src\hotspot\share\prims\nativeLookup.cpp, line 415]
Event: 7.014 Thread 0x000002278d5132f0 Exception <a 'java/lang/NullPointerException'{0x00000000ead45918}> (0x00000000ead45918) 
thrown [s\src\hotspot\share\interpreter\linkResolver.cpp, line 1372]
Event: 7.014 Thread 0x000002278d5132f0 Exception <a 'java/lang/NullPointerException'{0x00000000ead45bf8}> (0x00000000ead45bf8) 
thrown [s\src\hotspot\share\interpreter\linkResolver.cpp, line 1372]

ZGC Phase Switch (0 events):
No events

VM Operations (20 events):
Event: 3.381 Executing VM operation: ParallelGCFailedAllocation (Allocation Failure)
Event: 3.432 Executing VM operation: ParallelGCFailedAllocation (Allocation Failure) done
Event: 4.440 Executing VM operation: Cleanup
Event: 4.440 Executing VM operation: Cleanup done
Event: 5.310 Executing VM operation: HandshakeAllThreads (Deoptimize)
Event: 5.366 Executing VM operation: HandshakeAllThreads (Deoptimize) done
Event: 5.378 Executing VM operation: HandshakeAllThreads (Deoptimize)
Event: 5.378 Executing VM operation: HandshakeAllThreads (Deoptimize) done
Event: 5.498 Executing VM operation: HandshakeAllThreads (Deoptimize)
Event: 5.498 Executing VM operation: HandshakeAllThreads (Deoptimize) done
Event: 5.498 Executing VM operation: Cleanup
Event: 5.498 Executing VM operation: Cleanup done
Event: 6.687 Executing VM operation: ParallelGCFailedAllocation (Allocation Failure)
Event: 6.780 Executing VM operation: ParallelGCFailedAllocation (Allocation Failure) done
Event: 7.009 Executing VM operation: HandshakeAllThreads (Deoptimize)
Event: 7.009 Executing VM operation: HandshakeAllThreads (Deoptimize) done
Event: 7.858 Executing VM operation: HandshakeAllThreads (Deoptimize)
Event: 7.858 Executing VM operation: HandshakeAllThreads (Deoptimize) done
Event: 7.858 Executing VM operation: Cleanup
Event: 7.858 Executing VM operation: Cleanup done

Memory protections (0 events):
No events

Nmethod flushes (0 events):
No events

Events (20 events):
Event: 0.102 Thread 0x00000227301989b0 Thread added: 0x0000022746684a10
Event: 0.102 Thread 0x00000227301989b0 Thread added: 0x0000022746686820
Event: 0.102 Thread 0x00000227301989b0 Thread added: 0x00000227466875a0
Event: 0.118 Thread 0x00000227301989b0 Thread added: 0x00000227466f8cb0
Event: 0.268 Thread 0x00000227301989b0 Thread added: 0x000002278848c0b0
Event: 1.365 Thread 0x00000227301989b0 Thread added: 0x00000227886c1110
Event: 1.914 Thread 0x00000227466f8cb0 Thread added: 0x000002278d018290
Event: 2.611 Thread 0x000002278d018290 Thread exited: 0x000002278d018290
Event: 3.166 Thread 0x00000227466f8cb0 Thread added: 0x000002278d018290
Event: 3.433 Thread 0x000002278d018290 Thread exited: 0x000002278d018290
Event: 4.276 Thread 0x00000227466f8cb0 Thread added: 0x000002278d4709a0
Event: 4.836 Thread 0x000002278d4709a0 Thread exited: 0x000002278d4709a0
Event: 4.851 Thread 0x00000227466f8cb0 Thread added: 0x000002278d6ba320
Event: 5.292 Thread 0x00000227301989b0 Thread added: 0x000002278d4e0c70
Event: 5.398 Thread 0x000002278d6ba320 Thread exited: 0x000002278d6ba320
Event: 6.293 Thread 0x00000227301989b0 Thread added: 0x000002278d511c80
Event: 6.304 Thread 0x00000227301989b0 Thread added: 0x000002278d5132f0
Event: 6.668 Thread 0x000002278d5132f0 Thread added: 0x000002278d50b6d0
Event: 7.649 Thread 0x000002278d5132f0 Thread added: 0x000002278d1a09b0
Event: 8.152 Thread 0x00000227466f8cb0 Thread added: 0x00000227884e1610


Dynamic libraries:
0x00007ff7d5ce0000 - 0x00007ff7d5cee000 	c:\Users\JB\.cursor\extensions\redhat.java-1.42.0-win32-x64\jre\21.0.7-win32-x86_64\bin\java.exe
0x00007ffefd7d0000 - 0x00007ffefd9e7000 	C:\WINDOWS\SYSTEM32\ntdll.dll
0x00007ffefb570000 - 0x00007ffefb634000 	C:\WINDOWS\System32\KERNEL32.DLL
0x00007ffefabd0000 - 0x00007ffefafa3000 	C:\WINDOWS\System32\KERNELBASE.dll
0x00007ffefa8c0000 - 0x00007ffefa9d1000 	C:\WINDOWS\System32\ucrtbase.dll
0x00007ffee96e0000 - 0x00007ffee96f8000 	c:\Users\JB\.cursor\extensions\redhat.java-1.42.0-win32-x64\jre\21.0.7-win32-x86_64\bin\jli.dll
0x00007ffefc170000 - 0x00007ffefc321000 	C:\WINDOWS\System32\USER32.dll
0x00007ffefa9e0000 - 0x00007ffefaa06000 	C:\WINDOWS\System32\win32u.dll
0x00007ffefcdd0000 - 0x00007ffefcdf9000 	C:\WINDOWS\System32\GDI32.dll
0x00007ffefb060000 - 0x00007ffefb184000 	C:\WINDOWS\System32\gdi32full.dll
0x00007ffefb3c0000 - 0x00007ffefb45a000 	C:\WINDOWS\System32\msvcp_win.dll
0x00007ffee9300000 - 0x00007ffee931e000 	c:\Users\JB\.cursor\extensions\redhat.java-1.42.0-win32-x64\jre\21.0.7-win32-x86_64\bin\VCRUNTIME140.dll
0x00007ffee3ac0000 - 0x00007ffee3d5b000 	C:\WINDOWS\WinSxS\amd64_microsoft.windows.common-controls_6595b64144ccf1df_6.0.22621.5240_none_2710eadf7384a318\COMCTL32.dll
0x00007ffefc400000 - 0x00007ffefc4a7000 	C:\WINDOWS\System32\msvcrt.dll
0x00007ffefc330000 - 0x00007ffefc361000 	C:\WINDOWS\System32\IMM32.DLL
0x00007ffee98c0000 - 0x00007ffee98cc000 	c:\Users\JB\.cursor\extensions\redhat.java-1.42.0-win32-x64\jre\21.0.7-win32-x86_64\bin\vcruntime140_1.dll
0x00007ffee8250000 - 0x00007ffee82dd000 	c:\Users\JB\.cursor\extensions\redhat.java-1.42.0-win32-x64\jre\21.0.7-win32-x86_64\bin\msvcp140.dll
0x00007ffe9f6c0000 - 0x00007ffea0450000 	c:\Users\JB\.cursor\extensions\redhat.java-1.42.0-win32-x64\jre\21.0.7-win32-x86_64\bin\server\jvm.dll
0x00007ffefcf60000 - 0x00007ffefd011000 	C:\WINDOWS\System32\ADVAPI32.dll
0x00007ffefd020000 - 0x00007ffefd0c7000 	C:\WINDOWS\System32\sechost.dll
0x00007ffefafb0000 - 0x00007ffefafd8000 	C:\WINDOWS\System32\bcrypt.dll
0x00007ffefbdd0000 - 0x00007ffefbee4000 	C:\WINDOWS\System32\RPCRT4.dll
0x00007ffefce00000 - 0x00007ffefce71000 	C:\WINDOWS\System32\WS2_32.dll
0x00007ffef9750000 - 0x00007ffef979d000 	C:\WINDOWS\SYSTEM32\POWRPROF.dll
0x00007ffef61d0000 - 0x00007ffef6204000 	C:\WINDOWS\SYSTEM32\WINMM.dll
0x00007ffef2790000 - 0x00007ffef279a000 	C:\WINDOWS\SYSTEM32\VERSION.dll
0x00007ffef9730000 - 0x00007ffef9743000 	C:\WINDOWS\SYSTEM32\UMPDC.dll
0x00007ffef99f0000 - 0x00007ffef9a08000 	C:\WINDOWS\SYSTEM32\kernel.appcore.dll
0x00007ffee9870000 - 0x00007ffee987a000 	c:\Users\JB\.cursor\extensions\redhat.java-1.42.0-win32-x64\jre\21.0.7-win32-x86_64\bin\jimage.dll
0x00007ffee3d70000 - 0x00007ffee3fa2000 	C:\WINDOWS\SYSTEM32\DBGHELP.DLL
0x00007ffefd2a0000 - 0x00007ffefd633000 	C:\WINDOWS\System32\combase.dll
0x00007ffefce80000 - 0x00007ffefcf57000 	C:\WINDOWS\System32\OLEAUT32.dll
0x00007ffee3610000 - 0x00007ffee3642000 	C:\WINDOWS\SYSTEM32\dbgcore.DLL
0x00007ffefafe0000 - 0x00007ffefb05b000 	C:\WINDOWS\System32\bcryptPrimitives.dll
0x00007ffee8230000 - 0x00007ffee823f000 	c:\Users\JB\.cursor\extensions\redhat.java-1.42.0-win32-x64\jre\21.0.7-win32-x86_64\bin\instrument.dll
0x00007ffee8c90000 - 0x00007ffee8caf000 	c:\Users\JB\.cursor\extensions\redhat.java-1.42.0-win32-x64\jre\21.0.7-win32-x86_64\bin\java.dll
0x00007ffefc520000 - 0x00007ffefcdc2000 	C:\WINDOWS\System32\SHELL32.dll
0x00007ffefaa10000 - 0x00007ffefab4f000 	C:\WINDOWS\System32\wintypes.dll
0x00007ffef8810000 - 0x00007ffef912d000 	C:\WINDOWS\SYSTEM32\windows.storage.dll
0x00007ffefb460000 - 0x00007ffefb56b000 	C:\WINDOWS\System32\SHCORE.dll
0x00007ffefbd30000 - 0x00007ffefbd99000 	C:\WINDOWS\System32\shlwapi.dll
0x00007ffefa7f0000 - 0x00007ffefa81b000 	C:\WINDOWS\SYSTEM32\profapi.dll
0x00007ffee8c70000 - 0x00007ffee8c88000 	c:\Users\JB\.cursor\extensions\redhat.java-1.42.0-win32-x64\jre\21.0.7-win32-x86_64\bin\zip.dll
0x00007ffee9680000 - 0x00007ffee9690000 	C:\Users\JB\.cursor\extensions\redhat.java-1.42.0-win32-x64\jre\21.0.7-win32-x86_64\bin\net.dll
0x00007ffef7990000 - 0x00007ffef7abc000 	C:\WINDOWS\SYSTEM32\WINHTTP.dll
0x00007ffef9e70000 - 0x00007ffef9eda000 	C:\WINDOWS\system32\mswsock.dll
0x00007ffee84e0000 - 0x00007ffee84f6000 	C:\Users\JB\.cursor\extensions\redhat.java-1.42.0-win32-x64\jre\21.0.7-win32-x86_64\bin\nio.dll
0x00007ffee8220000 - 0x00007ffee8230000 	c:\Users\JB\.cursor\extensions\redhat.java-1.42.0-win32-x64\jre\21.0.7-win32-x86_64\bin\verify.dll
0x00007ffee9690000 - 0x00007ffee96d5000 	C:\Users\JB\AppData\Roaming\Cursor\User\globalStorage\redhat.java\1.42.0\config_ss_win\org.eclipse.equinox.launcher\org.eclipse.equinox.launcher.win32.win32.x86_64_1.2.1300.v20250331-1702\eclipse_11911.dll
0x00007ffefd0d0000 - 0x00007ffefd271000 	C:\WINDOWS\System32\ole32.dll

dbghelp: loaded successfully - version: 4.0.5 - missing functions: none
symbol engine: initialized successfully - sym options: 0x614 - pdb path: .;c:\Users\JB\.cursor\extensions\redhat.java-1.42.0-win32-x64\jre\21.0.7-win32-x86_64\bin;C:\WINDOWS\SYSTEM32;C:\WINDOWS\WinSxS\amd64_microsoft.windows.common-controls_6595b64144ccf1df_6.0.22621.5240_none_2710eadf7384a318;c:\Users\JB\.cursor\extensions\redhat.java-1.42.0-win32-x64\jre\21.0.7-win32-x86_64\bin\server;C:\Users\JB\AppData\Roaming\Cursor\User\globalStorage\redhat.java\1.42.0\config_ss_win\org.eclipse.equinox.launcher\org.eclipse.equinox.launcher.win32.win32.x86_64_1.2.1300.v20250331-1702

VM Arguments:
jvm_args: --add-modules=ALL-SYSTEM --add-opens=java.base/java.util=ALL-UNNAMED --add-opens=java.base/java.lang=ALL-UNNAMED --add-opens=java.base/sun.nio.fs=ALL-UNNAMED -Declipse.application=org.eclipse.jdt.ls.core.id1 -Dosgi.bundles.defaultStartLevel=4 -Declipse.product=org.eclipse.jdt.ls.core.product -Djava.import.generatesMetadataFilesAtProjectRoot=false -DDetectVMInstallationsJob.disabled=true -Dfile.encoding=utf8 -XX:+UseParallelGC -XX:GCTimeRatio=4 -XX:AdaptiveSizePolicyWeight=90 -Dsun.zip.disableMemoryMapping=true -Xmx1G -Xms100m -Xlog:disable -javaagent:c:\Users\JB\.cursor\extensions\redhat.java-1.42.0-win32-x64\lombok\lombok-1.18.36.jar 
java_command: c:\Users\JB\.cursor\extensions\redhat.java-1.42.0-win32-x64\server\plugins\org.eclipse.equinox.launcher_1.7.0.v20250424-1814.jar -configuration c:\Users\JB\AppData\Roaming\Cursor\User\globalStorage\redhat.java\1.42.0\config_ss_win -data c:\Users\JB\AppData\Roaming\Cursor\User\workspaceStorage\84eb2e42148a5132c545ea024a43da43\redhat.java\ss_ws --pipe=\\.\pipe\lsp-5a4b6b5d77614bab4a453845ae491e8b-sock
java_class_path (initial): c:\Users\JB\.cursor\extensions\redhat.java-1.42.0-win32-x64\server\plugins\org.eclipse.equinox.launcher_1.7.0.v20250424-1814.jar
Launcher Type: SUN_STANDARD

[Global flags]
    uintx AdaptiveSizePolicyWeight                 = 90                                        {product} {command line}
     intx CICompilerCount                          = 3                                         {product} {ergonomic}
    uintx GCTimeRatio                              = 4                                         {product} {command line}
   size_t InitialHeapSize                          = 104857600                                 {product} {command line}
   size_t MaxHeapSize                              = 1073741824                                {product} {command line}
   size_t MaxNewSize                               = 357564416                                 {product} {ergonomic}
   size_t MinHeapDeltaBytes                        = 524288                                    {product} {ergonomic}
   size_t MinHeapSize                              = 104857600                                 {product} {command line}
   size_t NewSize                                  = 34603008                                  {product} {ergonomic}
    uintx NonNMethodCodeHeapSize                   = 5832780                                {pd product} {ergonomic}
    uintx NonProfiledCodeHeapSize                  = 122912730                              {pd product} {ergonomic}
   size_t OldSize                                  = 70254592                                  {product} {ergonomic}
    uintx ProfiledCodeHeapSize                     = 122912730                              {pd product} {ergonomic}
    uintx ReservedCodeCacheSize                    = 251658240                              {pd product} {ergonomic}
     bool SegmentedCodeCache                       = true                                      {product} {ergonomic}
   size_t SoftMaxHeapSize                          = 1073741824                             {manageable} {ergonomic}
     bool UseCompressedOops                        = true                           {product lp64_product} {ergonomic}
     bool UseLargePagesIndividualAllocation        = false                                  {pd product} {ergonomic}
     bool UseParallelGC                            = true                                      {product} {command line}

Logging:
Log output configuration:
 #0: stdout all=off uptime,level,tags foldmultilines=false
 #1: stderr all=off uptime,level,tags foldmultilines=false

Environment Variables:
PATH=C:\Users\JB\AppData\Local\Programs\Python\Python312\Scripts\;C:\Users\JB\AppData\Local\Programs\Python\Python312\;C:\Program Files\Common Files\Oracle\Java\javapath;C:\WINDOWS\system32;C:\WINDOWS;C:\WINDOWS\System32\Wbem;C:\WINDOWS\System32\WindowsPowerShell\v1.0\;C:\WINDOWS\System32\OpenSSH\;C:\Program Files\dotnet\;C:\Program Files\Git\cmd;C:\xampp\php;C:\Program Files\nodejs\;C:\ProgramData\chocolatey\bin;C:\Program Files\Microsoft SQL Server\120\Tools\Binn\;C:\composer;C:\ProgramData\ComposerSetup\bin;C:\Program Files\CMake\bin;C:\Program Files\PowerShell\7\;c:\Users\JB\AppData\Local\Programs\Trae\bin;c:\Users\JB\AppData\Local\Programs\Trae\bin;C:\Users\JB\AppData\Local\Programs\Python\Launcher\;C:\Users\JB\AppData\Local\Microsoft\WindowsApps;C:\Program Files\Azure Data Studio\bin;C:\Program Files\JetBrains\IntelliJ IDEA 2023.1.2\bin;;C:\Users\JB\AppData\Roaming\Composer\vendor\bin;C:\flutter\flutter\bin;C:\Users\JB\AppData\Local\Muse Hub\lib;C:\Users\JB\AppData\Local\Microsoft\WinGet\Links;C:\Users\JB\AppData\Roaming\npm;C:\Users\JB\AppData\Local\Programs\Windsurf\bin;C:\Users\JB\AppData\Local\Programs\cursor\resources\app\bin;C:\Users\JB\.dotnet\tools
USERNAME=JB
OS=Windows_NT
PROCESSOR_IDENTIFIER=Intel64 Family 6 Model 78 Stepping 3, GenuineIntel
TMP=C:\Users\JB\AppData\Local\Temp
TEMP=C:\Users\JB\AppData\Local\Temp




Periodic native trim disabled

---------------  S Y S T E M  ---------------

OS:
 Windows 11 , 64 bit Build 22621 (10.0.22621.5305)
OS uptime: 0 days 4:33 hours

CPU: total 4 (initial active 4) (2 cores per cpu, 2 threads per core) family 6 model 78 stepping 3 microcode 0xf0, cx8, cmov, fxsr, ht, mmx, 3dnowpref, sse, sse2, sse3, ssse3, sse4.1, sse4.2, popcnt, lzcnt, tsc, tscinvbit, avx, avx2, aes, erms, clmul, bmi1, bmi2, rtm, adx, fma, vzeroupper, clflush, clflushopt, rdtscp, f16c
Processor Information for the first 4 processors :
  Max Mhz: 2808, Current Mhz: 2607, Mhz Limit: 2583

Memory: 4k page, system-wide physical 20319M (5770M free)
TotalPageFile size 20319M (AvailPageFile size 5M)
current process WorkingSet (physical memory assigned to process): 96M, peak: 96M
current process commit charge ("private bytes"): 196M, peak: 197M

vm_info: OpenJDK 64-Bit Server VM (21.0.7+6-LTS) for windows-amd64 JRE (21.0.7+6-LTS), built on 2025-04-15T00:00:00Z by "admin" with MS VC++ 17.7 (VS2022)

END.
